#
# There is insufficient memory for the Java Runtime Environment to continue.
# Native memory allocation (malloc) failed to allocate 941936 bytes. Error detail: Chunk::new
# Possible reasons:
#   The system is out of physical RAM or swap space
#   This process is running with CompressedOops enabled, and the Java Heap may be blocking the growth of the native heap
# Possible solutions:
#   Reduce memory load on the system
#   Increase physical memory or swap space
#   Check if swap backing store is full
#   Decrease Java heap size (-Xmx/-Xms)
#   Decrease number of Java threads
#   Decrease Java thread stack sizes (-Xss)
#   Set larger code cache with -XX:ReservedCodeCacheSize=
#   JVM is running with Unscaled Compressed Oops mode in which the Java heap is
#     placed in the first 4GB address space. The Java Heap base address is the
#     maximum limit for the native heap growth. Please use -XX:HeapBaseMinAddress
#     to set the Java Heap base and to place the Java Heap above 4GB virtual address.
# This output file may be truncated or incomplete.
#
#  Out of Memory Error (arena.cpp:168), pid=10256, tid=11056
#
# JRE version: OpenJDK Runtime Environment Temurin-21.0.10+7 (21.0.10+7) (build 21.0.10+7-LTS)
# Java VM: OpenJDK 64-Bit Server VM Temurin-21.0.10+7 (21.0.10+7-LTS, mixed mode, sharing, tiered, compressed oops, compressed class ptrs, parallel gc, windows-amd64)
# No core dump will be written. Minidumps are not enabled by default on client versions of Windows
#

---------------  S U M M A R Y ------------

Command Line: --add-modules=ALL-SYSTEM --add-opens=java.base/java.util=ALL-UNNAMED --add-opens=java.base/java.lang=ALL-UNNAMED --add-opens=java.base/sun.nio.fs=ALL-UNNAMED -Declipse.application=org.eclipse.jdt.ls.core.id1 -Dosgi.bundles.defaultStartLevel=4 -Declipse.product=org.eclipse.jdt.ls.core.product -Djava.import.generatesMetadataFilesAtProjectRoot=false -DDetectVMInstallationsJob.disabled=true -Dfile.encoding=utf8 -XX:+UseParallelGC -XX:GCTimeRatio=4 -XX:AdaptiveSizePolicyWeight=90 -Dsun.zip.disableMemoryMapping=true -Xmx2G -Xms100m -Xlog:disable -javaagent:c:\Users\pd589\.antigravity\extensions\redhat.java-1.53.0-win32-x64\lombok\lombok-1.18.39-4050.jar -XX:+HeapDumpOnOutOfMemoryError -XX:HeapDumpPath=c:\Users\pd589\AppData\Roaming\Antigravity\User\workspaceStorage\a4826d2806f6fb771545b2bc9e33facd\redhat.java -Daether.dependencyCollector.impl=bf c:\Users\pd589\.antigravity\extensions\redhat.java-1.53.0-win32-x64\server\plugins\org.eclipse.equinox.launcher_1.7.100.v20251111-0406.jar -configuration c:\Users\pd589\AppData\Roaming\Antigravity\User\globalStorage\redhat.java\1.53.0\config_win -data c:\Users\pd589\AppData\Roaming\Antigravity\User\workspaceStorage\a4826d2806f6fb771545b2bc9e33facd\redhat.java\jdt_ws --pipe=\\.\pipe\lsp-07495bbd7d763bff2323eabba510e31b-sock

Host: Intel(R) Pentium(R) CPU  N3710  @ 1.60GHz, 4 cores, 3G,  Windows 11 , 64 bit Build 26100 (10.0.26100.7309)
Time: Wed Apr  1 21:06:46 2026 India Standard Time elapsed time: 1670.129602 seconds (0d 0h 27m 50s)

---------------  T H R E A D  ---------------

Current thread (0x000001b3c5623e10):  JavaThread "C2 CompilerThread0" daemon [_thread_in_native, id=11056, stack(0x0000006a68700000,0x0000006a68800000) (1024K)]


Current CompileTask:
C2:1670130 10811 % !   4       org.eclipse.jdt.internal.compiler.classfmt.ClassFileReader::<init> @ 81 (1968 bytes)

Stack: [0x0000006a68700000,0x0000006a68800000]
Native frames: (J=compiled Java code, j=interpreted, Vv=VM code, C=native code)
V  [jvm.dll+0x6d7a39]
V  [jvm.dll+0x8b4b26]
V  [jvm.dll+0x8b70de]
V  [jvm.dll+0x8b77c3]
V  [jvm.dll+0x284346]
V  [jvm.dll+0xc66ed]
V  [jvm.dll+0xc6c31]
V  [jvm.dll+0x2fb29e]
V  [jvm.dll+0x5fe884]
V  [jvm.dll+0x255b17]
V  [jvm.dll+0x24e21f]
V  [jvm.dll+0x24ba42]
V  [jvm.dll+0x1cb34e]
V  [jvm.dll+0x25b85d]
V  [jvm.dll+0x259dea]
V  [jvm.dll+0x3f857e]
V  [jvm.dll+0x85f59d]
V  [jvm.dll+0x6d626d]
C  [ucrtbase.dll+0x37b0]
C  [KERNEL32.DLL+0x2e8d7]
C  [ntdll.dll+0x8c53c]


---------------  P R O C E S S  ---------------

Threads class SMR info:
_java_thread_list=0x000001b3e136a190, length=44, elements={
0x000001b3c3385bf0, 0x000001b3c5605b50, 0x000001b3c5609ff0, 0x000001b3c560e1a0,
0x000001b3c5611930, 0x000001b3c5613b40, 0x000001b3c561fc50, 0x000001b3c5623e10,
0x000001b3c5625920, 0x000001b3e1153510, 0x000001b3e1153ba0, 0x000001b3e1151440,
0x000001b3e1150720, 0x000001b3e1150db0, 0x000001b3e1151ad0, 0x000001b3e11527f0,
0x000001b3e1152160, 0x000001b3e1152e80, 0x000001b3e24f2ca0, 0x000001b3e24f0540,
0x000001b3e24f0bd0, 0x000001b3e24f4050, 0x000001b3e24f18f0, 0x000001b3e24f1260,
0x000001b3e24f4d70, 0x000001b3e24f5400, 0x000001b3e24f1f80, 0x000001b3e24f5a90,
0x000001b3e24f2610, 0x000001b3e24f6120, 0x000001b3e24f67b0, 0x000001b3e1eb5b50,
0x000001b3e1eb61e0, 0x000001b3e1eb2d60, 0x000001b3e1eb33f0, 0x000001b3e1eb6f00,
0x000001b3e1eb7590, 0x000001b3e1eb3a80, 0x000001b3e1eb54c0, 0x000001b3e1eb4110,
0x000001b3e1eb82b0, 0x000001b3e1eb8fd0, 0x000001b3e1eb9660, 0x000001b3e1eb8940
}

Java Threads: ( => current thread )
  0x000001b3c3385bf0 JavaThread "main"                              [_thread_blocked, id=5504, stack(0x0000006a67d00000,0x0000006a67e00000) (1024K)]
  0x000001b3c5605b50 JavaThread "Reference Handler"          daemon [_thread_blocked, id=5740, stack(0x0000006a68100000,0x0000006a68200000) (1024K)]
  0x000001b3c5609ff0 JavaThread "Finalizer"                  daemon [_thread_blocked, id=6288, stack(0x0000006a68200000,0x0000006a68300000) (1024K)]
  0x000001b3c560e1a0 JavaThread "Signal Dispatcher"          daemon [_thread_blocked, id=10100, stack(0x0000006a68300000,0x0000006a68400000) (1024K)]
  0x000001b3c5611930 JavaThread "Attach Listener"            daemon [_thread_blocked, id=6644, stack(0x0000006a68400000,0x0000006a68500000) (1024K)]
  0x000001b3c5613b40 JavaThread "Service Thread"             daemon [_thread_blocked, id=2348, stack(0x0000006a68500000,0x0000006a68600000) (1024K)]
  0x000001b3c561fc50 JavaThread "Monitor Deflation Thread"   daemon [_thread_blocked, id=10388, stack(0x0000006a68600000,0x0000006a68700000) (1024K)]
=>0x000001b3c5623e10 JavaThread "C2 CompilerThread0"         daemon [_thread_in_native, id=11056, stack(0x0000006a68700000,0x0000006a68800000) (1024K)]
  0x000001b3c5625920 JavaThread "C1 CompilerThread0"         daemon [_thread_blocked, id=4380, stack(0x0000006a68800000,0x0000006a68900000) (1024K)]
  0x000001b3e1153510 JavaThread "Common-Cleaner"             daemon [_thread_blocked, id=9860, stack(0x0000006a68900000,0x0000006a68a00000) (1024K)]
  0x000001b3e1153ba0 JavaThread "Notification Thread"        daemon [_thread_blocked, id=10408, stack(0x0000006a68a00000,0x0000006a68b00000) (1024K)]
  0x000001b3e1151440 JavaThread "Active Thread: Equinox Container: 82de9b57-bf4d-4c15-9d01-4bba5af179f2"        [_thread_blocked, id=10428, stack(0x0000006a68b00000,0x0000006a68c00000) (1024K)]
  0x000001b3e1150720 JavaThread "Framework Event Dispatcher: Equinox Container: 82de9b57-bf4d-4c15-9d01-4bba5af179f2" daemon [_thread_blocked, id=6088, stack(0x0000006a68f00000,0x0000006a69000000) (1024K)]
  0x000001b3e1150db0 JavaThread "Start Level: Equinox Container: 82de9b57-bf4d-4c15-9d01-4bba5af179f2" daemon [_thread_blocked, id=8980, stack(0x0000006a69000000,0x0000006a69100000) (1024K)]
  0x000001b3e1151ad0 JavaThread "Bundle File Closer"         daemon [_thread_blocked, id=5540, stack(0x0000006a67b00000,0x0000006a67c00000) (1024K)]
  0x000001b3e11527f0 JavaThread "Refresh Thread: Equinox Container: 82de9b57-bf4d-4c15-9d01-4bba5af179f2" daemon [_thread_blocked, id=3872, stack(0x0000006a69100000,0x0000006a69200000) (1024K)]
  0x000001b3e1152160 JavaThread "SCR Component Actor"        daemon [_thread_blocked, id=5668, stack(0x0000006a67a00000,0x0000006a67b00000) (1024K)]
  0x000001b3e1152e80 JavaThread "Worker-JM"                         [_thread_blocked, id=1304, stack(0x0000006a69200000,0x0000006a69300000) (1024K)]
  0x000001b3e24f2ca0 JavaThread "Worker-2: Compacting resource model"        [_thread_blocked, id=7140, stack(0x0000006a69600000,0x0000006a69700000) (1024K)]
  0x000001b3e24f0540 JavaThread "Worker-3: Initialize Workspace"        [_thread_blocked, id=4260, stack(0x0000006a69700000,0x0000006a69800000) (1024K)]
  0x000001b3e24f0bd0 JavaThread "Java indexing"              daemon [_thread_in_Java, id=10956, stack(0x0000006a69800000,0x0000006a69900000) (1024K)]
  0x000001b3e24f4050 JavaThread "JNA Cleaner"                daemon [_thread_blocked, id=8392, stack(0x0000006a69a00000,0x0000006a69b00000) (1024K)]
  0x000001b3e24f18f0 JavaThread "Worker-4"                          [_thread_blocked, id=11108, stack(0x0000006a69d00000,0x0000006a69e00000) (1024K)]
  0x000001b3e24f1260 JavaThread "Thread-1"                   daemon [_thread_in_native, id=11064, stack(0x0000006a69f00000,0x0000006a6a000000) (1024K)]
  0x000001b3e24f4d70 JavaThread "Thread-2"                   daemon [_thread_in_native, id=3424, stack(0x0000006a6a000000,0x0000006a6a100000) (1024K)]
  0x000001b3e24f5400 JavaThread "Thread-3"                   daemon [_thread_in_native, id=1804, stack(0x0000006a6a100000,0x0000006a6a200000) (1024K)]
  0x000001b3e24f1f80 JavaThread "Thread-4"                   daemon [_thread_in_native, id=8072, stack(0x0000006a6a200000,0x0000006a6a300000) (1024K)]
  0x000001b3e24f5a90 JavaThread "Thread-5"                   daemon [_thread_in_native, id=10752, stack(0x0000006a6a300000,0x0000006a6a400000) (1024K)]
  0x000001b3e24f2610 JavaThread "pool-2-thread-1"                   [_thread_blocked, id=5732, stack(0x0000006a6a400000,0x0000006a6a500000) (1024K)]
  0x000001b3e24f6120 JavaThread "WorkspaceEventsHandler"            [_thread_blocked, id=8412, stack(0x0000006a6a500000,0x0000006a6a600000) (1024K)]
  0x000001b3e24f67b0 JavaThread "pool-1-thread-1"                   [_thread_blocked, id=10920, stack(0x0000006a6a600000,0x0000006a6a700000) (1024K)]
  0x000001b3e1eb5b50 JavaThread "Timer-0"                           [_thread_blocked, id=10996, stack(0x0000006a6ad00000,0x0000006a6ae00000) (1024K)]
  0x000001b3e1eb61e0 JavaThread "Timer-1"                           [_thread_blocked, id=4304, stack(0x0000006a69500000,0x0000006a69600000) (1024K)]
  0x000001b3e1eb2d60 JavaThread "Timer-2"                           [_thread_blocked, id=2280, stack(0x0000006a69900000,0x0000006a69a00000) (1024K)]
  0x000001b3e1eb33f0 JavaThread "Timer-3"                           [_thread_blocked, id=4632, stack(0x0000006a69b00000,0x0000006a69c00000) (1024K)]
  0x000001b3e1eb6f00 JavaThread "Timer-4"                           [_thread_blocked, id=11240, stack(0x0000006a69c00000,0x0000006a69d00000) (1024K)]
  0x000001b3e1eb7590 JavaThread "Worker-6: Building project app after Java compiler settings changed"        [_thread_blocked, id=10872, stack(0x0000006a6a700000,0x0000006a6a800000) (1024K)]
  0x000001b3e1eb3a80 JavaThread "Timer-5"                           [_thread_blocked, id=10764, stack(0x0000006a67c00000,0x0000006a67d00000) (1024K)]
  0x000001b3e1eb54c0 JavaThread "Timer-6"                           [_thread_blocked, id=1488, stack(0x0000006a69300000,0x0000006a69400000) (1024K)]
  0x000001b3e1eb4110 JavaThread "Worker-7"                          [_thread_blocked, id=940, stack(0x0000006a69400000,0x0000006a69500000) (1024K)]
  0x000001b3e1eb82b0 JavaThread "Worker-8: Java indexing... "        [_thread_blocked, id=3156, stack(0x0000006a69e00000,0x0000006a69f00000) (1024K)]
  0x000001b3e1eb8fd0 JavaThread "Timer-7"                           [_thread_blocked, id=3248, stack(0x0000006a6a800000,0x0000006a6a900000) (1024K)]
  0x000001b3e1eb9660 JavaThread "Connection worker"                 [_thread_in_native, id=4056, stack(0x0000006a6a900000,0x0000006a6aa00000) (1024K)]
  0x000001b3e1eb8940 JavaThread "pool-4-thread-1"                   [_thread_blocked, id=10492, stack(0x0000006a6aa00000,0x0000006a6ab00000) (1024K)]
Total: 44

Other Threads:
  0x000001b3c57db8e0 VMThread "VM Thread"                           [id=8104, stack(0x0000006a68000000,0x0000006a68100000) (1024K)]
  0x000001b3c55acb00 WatcherThread "VM Periodic Task Thread"        [id=10396, stack(0x0000006a67f00000,0x0000006a68000000) (1024K)]
  0x000001b3c5736ea0 WorkerThread "GC Thread#0"                     [id=10416, stack(0x0000006a67e00000,0x0000006a67f00000) (1024K)]
  0x000001b3e13a80e0 WorkerThread "GC Thread#1"                     [id=7732, stack(0x0000006a68c00000,0x0000006a68d00000) (1024K)]
  0x000001b3e183ab20 WorkerThread "GC Thread#2"                     [id=7436, stack(0x0000006a68d00000,0x0000006a68e00000) (1024K)]
  0x000001b3e1829c10 WorkerThread "GC Thread#3"                     [id=2708, stack(0x0000006a68e00000,0x0000006a68f00000) (1024K)]
Total: 6

Threads with active compile tasks:
C2 CompilerThread0  1670371 10811 % !   4       org.eclipse.jdt.internal.compiler.classfmt.ClassFileReader::<init> @ 81 (1968 bytes)
Total: 1

VM state: at safepoint (normal execution)

VM Mutex/Monitor currently owned by a thread:  ([mutex/lock_event])
[0x00007ffd9709e560] Threads_lock - owner thread: 0x000001b3c57db8e0
[0x00007ffd9709e660] Heap_lock - owner thread: 0x000001b3e24f0bd0

Heap address: 0x0000000080000000, size: 2048 MB, Compressed Oops mode: 32-bit

CDS archive(s) mapped at: [0x000001b380000000-0x000001b380ba0000-0x000001b380ba0000), size 12189696, SharedBaseAddress: 0x000001b380000000, ArchiveRelocationMode: 1.
Compressed class space mapped at: 0x000001b381000000-0x000001b3c1000000, reserved size: 1073741824
Narrow klass base: 0x000001b380000000, Narrow klass shift: 0, Narrow klass range: 0x100000000

GC Precious Log:
 CardTable entry size: 512
 CPUs: 4 total, 4 available
 Memory: 4007M
 Large Page Support: Disabled
 NUMA Support: Disabled
 Compressed Oops: Enabled (32-bit)
 Alignments: Space 512K, Generation 512K, Heap 2M
 Heap Min Capacity: 100M
 Heap Initial Capacity: 100M
 Heap Max Capacity: 2G
 Pre-touch: Disabled
 Parallel Workers: 4

Heap:
 PSYoungGen      total 13312K, used 13176K [0x00000000d5580000, 0x00000000d6480000, 0x0000000100000000)
  eden space 12800K, 100% used [0x00000000d5580000,0x00000000d6200000,0x00000000d6200000)
  from space 512K, 73% used [0x00000000d6400000,0x00000000d645e3f8,0x00000000d6480000)
  to   space 512K, 100% used [0x00000000d6380000,0x00000000d6400000,0x00000000d6400000)
 ParOldGen       total 68608K, used 57480K [0x0000000080000000, 0x0000000084300000, 0x00000000d5580000)
  object space 68608K, 83% used [0x0000000080000000,0x0000000083822130,0x0000000084300000)
 Metaspace       used 73287K, committed 74752K, reserved 1114112K
  class space    used 9034K, committed 9664K, reserved 1048576K

Card table byte_map: [0x000001b3c50c0000,0x000001b3c54d0000] _byte_map_base: 0x000001b3c4cc0000

Marking Bits: (ParMarkBitMap*) 0x00007ffd970a3450
 Begin Bits: [0x000001b3d7bd0000, 0x000001b3d9bd0000)
 End Bits:   [0x000001b3d9bd0000, 0x000001b3dbbd0000)

Polling page: 0x000001b3c3590000

Metaspace:

Usage:
  Non-class:     62.75 MB used.
      Class:      8.82 MB used.
       Both:     71.57 MB used.

Virtual space:
  Non-class space:       64.00 MB reserved,      63.56 MB (>99%) committed,  1 nodes.
      Class space:        1.00 GB reserved,       9.44 MB ( <1%) committed,  1 nodes.
             Both:        1.06 GB reserved,      73.00 MB (  7%) committed. 

Chunk freelists:
   Non-Class:  16.00 KB
       Class:  6.39 MB
        Both:  6.41 MB

MaxMetaspaceSize: unlimited
CompressedClassSpaceSize: 1.00 GB
Initial GC threshold: 21.00 MB
Current GC threshold: 97.31 MB
CDS: on
 - commit_granule_bytes: 65536.
 - commit_granule_words: 8192.
 - virtual_space_node_default_size: 8388608.
 - enlarge_chunks_in_place: 1.
 - use_allocation_guard: 0.


Internal statistics:

num_allocs_failed_limit: 9.
num_arena_births: 1330.
num_arena_deaths: 22.
num_vsnodes_births: 2.
num_vsnodes_deaths: 0.
num_space_committed: 1168.
num_space_uncommitted: 0.
num_chunks_returned_to_freelist: 32.
num_chunks_taken_from_freelist: 4449.
num_chunk_merges: 13.
num_chunk_splits: 2786.
num_chunks_enlarged: 1676.
num_inconsistent_stats: 0.

CodeHeap 'non-profiled nmethods': size=120000Kb used=7734Kb max_used=7734Kb free=112265Kb
 bounds [0x000001b3d03f0000, 0x000001b3d0b80000, 0x000001b3d7920000]
CodeHeap 'profiled nmethods': size=120000Kb used=20993Kb max_used=20993Kb free=99006Kb
 bounds [0x000001b3c8920000, 0x000001b3c9db0000, 0x000001b3cfe50000]
CodeHeap 'non-nmethods': size=5760Kb used=1444Kb max_used=1491Kb free=4315Kb
 bounds [0x000001b3cfe50000, 0x000001b3d00c0000, 0x000001b3d03f0000]
CodeCache: size=245760Kb, used=30171Kb, max_used=30218Kb, free=215586Kb
 total_blobs=10612, nmethods=9852, adapters=667, full_count=0
Compilation: enabled, stopped_count=0, restarted_count=0

Compilation events (20 events):
Event: 1669.403 Thread 0x000001b3c5625920 nmethod 10803 0x000001b3c9d97190 code [0x000001b3c9d973c0, 0x000001b3c9d97dc8]
Event: 1669.403 Thread 0x000001b3c5625920 10804       3       org.eclipse.jdt.internal.compiler.classfmt.MethodInfoWithAnnotations::<init> (90 bytes)
Event: 1669.404 Thread 0x000001b3c5625920 nmethod 10804 0x000001b3c9d98190 code [0x000001b3c9d98340, 0x000001b3c9d98660]
Event: 1669.405 Thread 0x000001b3c5625920 10805       3       org.eclipse.jdt.core.compiler.CharOperation::concat (123 bytes)
Event: 1669.406 Thread 0x000001b3c5625920 nmethod 10805 0x000001b3c9d98810 code [0x000001b3c9d98a40, 0x000001b3c9d98fe0]
Event: 1669.425 Thread 0x000001b3c5623e10 10806       4       org.eclipse.jdt.internal.compiler.util.HashtableOfObject::putUnsafely (78 bytes)
Event: 1669.450 Thread 0x000001b3c5623e10 nmethod 10806 0x000001b3d0b7a690 code [0x000001b3d0b7a840, 0x000001b3d0b7ac70]
Event: 1669.451 Thread 0x000001b3c5623e10 10808 %     4       sun.nio.fs.WindowsPath::hashCode @ 11 (52 bytes)
Event: 1669.460 Thread 0x000001b3c5623e10 nmethod 10808% 0x000001b3d0b7af90 code [0x000001b3d0b7b140, 0x000001b3d0b7b420]
Event: 1669.460 Thread 0x000001b3c5623e10 10807       4       org.eclipse.jdt.internal.compiler.classfmt.MethodInfo::decodeCodeAttribute (143 bytes)
Event: 1669.488 Thread 0x000001b3c5623e10 nmethod 10807 0x000001b3d0b7b710 code [0x000001b3d0b7b900, 0x000001b3d0b7c3b8]
Event: 1669.488 Thread 0x000001b3c5623e10 10809       4       sun.nio.fs.WindowsPath::elementAsString (62 bytes)
Event: 1669.535 Thread 0x000001b3c5623e10 nmethod 10809 0x000001b3d0b7c990 code [0x000001b3d0b7cbc0, 0x000001b3d0b7d370]
Event: 1669.558 Thread 0x000001b3c5625920 10810       3       org.eclipse.jdt.core.Signature::appendTypeSignature (9 bytes)
Event: 1669.558 Thread 0x000001b3c5625920 nmethod 10810 0x000001b3c9d99210 code [0x000001b3c9d993c0, 0x000001b3c9d994e0]
Event: 1669.573 Thread 0x000001b3c5623e10 10811 % !   4       org.eclipse.jdt.internal.compiler.classfmt.ClassFileReader::<init> @ 81 (1968 bytes)
Event: 1669.594 Thread 0x000001b3c5625920 10814       3       org.eclipse.jdt.internal.compiler.classfmt.AnnotationInfo::scanAnnotation (330 bytes)
Event: 1669.597 Thread 0x000001b3c5625920 nmethod 10814 0x000001b3c9d99590 code [0x000001b3c9d998a0, 0x000001b3c9d9a928]
Event: 1669.598 Thread 0x000001b3c5625920 10815   !   3       org.eclipse.jdt.internal.compiler.classfmt.AnnotationInfo::decodeAnnotation (305 bytes)
Event: 1669.603 Thread 0x000001b3c5625920 nmethod 10815 0x000001b3c9d9af10 code [0x000001b3c9d9b320, 0x000001b3c9d9d0d8]

GC Heap History (20 events):
Event: 1632.702 GC heap before
{Heap before GC invocations=118 (full 3):
 PSYoungGen      total 13824K, used 13376K [0x00000000d5580000, 0x00000000d6600000, 0x0000000100000000)
  eden space 13312K, 100% used [0x00000000d5580000,0x00000000d6280000,0x00000000d6280000)
  from space 512K, 12% used [0x00000000d6580000,0x00000000d6590000,0x00000000d6600000)
  to   space 512K, 0% used [0x00000000d6500000,0x00000000d6500000,0x00000000d6580000)
 ParOldGen       total 68608K, used 48403K [0x0000000080000000, 0x0000000084300000, 0x00000000d5580000)
  object space 68608K, 70% used [0x0000000080000000,0x0000000082f44d00,0x0000000084300000)
 Metaspace       used 69496K, committed 70784K, reserved 1114112K
  class space    used 8627K, committed 9216K, reserved 1048576K
}
Event: 1632.704 GC heap after
{Heap after GC invocations=118 (full 3):
 PSYoungGen      total 13824K, used 96K [0x00000000d5580000, 0x00000000d6600000, 0x0000000100000000)
  eden space 13312K, 0% used [0x00000000d5580000,0x00000000d5580000,0x00000000d6280000)
  from space 512K, 18% used [0x00000000d6500000,0x00000000d6518000,0x00000000d6580000)
  to   space 512K, 0% used [0x00000000d6580000,0x00000000d6580000,0x00000000d6600000)
 ParOldGen       total 68608K, used 48403K [0x0000000080000000, 0x0000000084300000, 0x00000000d5580000)
  object space 68608K, 70% used [0x0000000080000000,0x0000000082f44d00,0x0000000084300000)
 Metaspace       used 69496K, committed 70784K, reserved 1114112K
  class space    used 8627K, committed 9216K, reserved 1048576K
}
Event: 1636.830 GC heap before
{Heap before GC invocations=119 (full 3):
 PSYoungGen      total 13824K, used 13408K [0x00000000d5580000, 0x00000000d6600000, 0x0000000100000000)
  eden space 13312K, 100% used [0x00000000d5580000,0x00000000d6280000,0x00000000d6280000)
  from space 512K, 18% used [0x00000000d6500000,0x00000000d6518000,0x00000000d6580000)
  to   space 512K, 0% used [0x00000000d6580000,0x00000000d6580000,0x00000000d6600000)
 ParOldGen       total 68608K, used 48403K [0x0000000080000000, 0x0000000084300000, 0x00000000d5580000)
  object space 68608K, 70% used [0x0000000080000000,0x0000000082f44d00,0x0000000084300000)
 Metaspace       used 69496K, committed 70784K, reserved 1114112K
  class space    used 8627K, committed 9216K, reserved 1048576K
}
Event: 1636.832 GC heap after
{Heap after GC invocations=119 (full 3):
 PSYoungGen      total 13824K, used 96K [0x00000000d5580000, 0x00000000d6600000, 0x0000000100000000)
  eden space 13312K, 0% used [0x00000000d5580000,0x00000000d5580000,0x00000000d6280000)
  from space 512K, 18% used [0x00000000d6580000,0x00000000d6598000,0x00000000d6600000)
  to   space 512K, 0% used [0x00000000d6500000,0x00000000d6500000,0x00000000d6580000)
 ParOldGen       total 68608K, used 48411K [0x0000000080000000, 0x0000000084300000, 0x00000000d5580000)
  object space 68608K, 70% used [0x0000000080000000,0x0000000082f46d00,0x0000000084300000)
 Metaspace       used 69496K, committed 70784K, reserved 1114112K
  class space    used 8627K, committed 9216K, reserved 1048576K
}
Event: 1642.330 GC heap before
{Heap before GC invocations=120 (full 3):
 PSYoungGen      total 13824K, used 13408K [0x00000000d5580000, 0x00000000d6600000, 0x0000000100000000)
  eden space 13312K, 100% used [0x00000000d5580000,0x00000000d6280000,0x00000000d6280000)
  from space 512K, 18% used [0x00000000d6580000,0x00000000d6598000,0x00000000d6600000)
  to   space 512K, 0% used [0x00000000d6500000,0x00000000d6500000,0x00000000d6580000)
 ParOldGen       total 68608K, used 48411K [0x0000000080000000, 0x0000000084300000, 0x00000000d5580000)
  object space 68608K, 70% used [0x0000000080000000,0x0000000082f46d00,0x0000000084300000)
 Metaspace       used 69939K, committed 71296K, reserved 1114112K
  class space    used 8689K, committed 9280K, reserved 1048576K
}
Event: 1642.343 GC heap after
{Heap after GC invocations=120 (full 3):
 PSYoungGen      total 13824K, used 492K [0x00000000d5580000, 0x00000000d6600000, 0x0000000100000000)
  eden space 13312K, 0% used [0x00000000d5580000,0x00000000d5580000,0x00000000d6280000)
  from space 512K, 96% used [0x00000000d6500000,0x00000000d657b2b8,0x00000000d6580000)
  to   space 512K, 0% used [0x00000000d6580000,0x00000000d6580000,0x00000000d6600000)
 ParOldGen       total 68608K, used 48707K [0x0000000080000000, 0x0000000084300000, 0x00000000d5580000)
  object space 68608K, 70% used [0x0000000080000000,0x0000000082f90d00,0x0000000084300000)
 Metaspace       used 69939K, committed 71296K, reserved 1114112K
  class space    used 8689K, committed 9280K, reserved 1048576K
}
Event: 1647.078 GC heap before
{Heap before GC invocations=121 (full 3):
 PSYoungGen      total 13824K, used 13770K [0x00000000d5580000, 0x00000000d6600000, 0x0000000100000000)
  eden space 13312K, 99% used [0x00000000d5580000,0x00000000d6277580,0x00000000d6280000)
  from space 512K, 96% used [0x00000000d6500000,0x00000000d657b2b8,0x00000000d6580000)
  to   space 512K, 0% used [0x00000000d6580000,0x00000000d6580000,0x00000000d6600000)
 ParOldGen       total 68608K, used 48707K [0x0000000080000000, 0x0000000084300000, 0x00000000d5580000)
  object space 68608K, 70% used [0x0000000080000000,0x0000000082f90d00,0x0000000084300000)
 Metaspace       used 71035K, committed 72384K, reserved 1114112K
  class space    used 8835K, committed 9408K, reserved 1048576K
}
Event: 1647.090 GC heap after
{Heap after GC invocations=121 (full 3):
 PSYoungGen      total 13824K, used 508K [0x00000000d5580000, 0x00000000d6600000, 0x0000000100000000)
  eden space 13312K, 0% used [0x00000000d5580000,0x00000000d5580000,0x00000000d6280000)
  from space 512K, 99% used [0x00000000d6580000,0x00000000d65ff250,0x00000000d6600000)
  to   space 1536K, 0% used [0x00000000d6300000,0x00000000d6300000,0x00000000d6480000)
 ParOldGen       total 68608K, used 49273K [0x0000000080000000, 0x0000000084300000, 0x00000000d5580000)
  object space 68608K, 71% used [0x0000000080000000,0x000000008301e620,0x0000000084300000)
 Metaspace       used 71035K, committed 72384K, reserved 1114112K
  class space    used 8835K, committed 9408K, reserved 1048576K
}
Event: 1651.506 GC heap before
{Heap before GC invocations=122 (full 3):
 PSYoungGen      total 13824K, used 13820K [0x00000000d5580000, 0x00000000d6600000, 0x0000000100000000)
  eden space 13312K, 100% used [0x00000000d5580000,0x00000000d6280000,0x00000000d6280000)
  from space 512K, 99% used [0x00000000d6580000,0x00000000d65ff250,0x00000000d6600000)
  to   space 1536K, 0% used [0x00000000d6300000,0x00000000d6300000,0x00000000d6480000)
 ParOldGen       total 68608K, used 49273K [0x0000000080000000, 0x0000000084300000, 0x00000000d5580000)
  object space 68608K, 71% used [0x0000000080000000,0x000000008301e620,0x0000000084300000)
 Metaspace       used 72159K, committed 73536K, reserved 1114112K
  class space    used 8939K, committed 9536K, reserved 1048576K
}
Event: 1651.530 GC heap after
{Heap after GC invocations=122 (full 3):
 PSYoungGen      total 14848K, used 976K [0x00000000d5580000, 0x00000000d6600000, 0x0000000100000000)
  eden space 13312K, 0% used [0x00000000d5580000,0x00000000d5580000,0x00000000d6280000)
  from space 1536K, 63% used [0x00000000d6300000,0x00000000d63f4010,0x00000000d6480000)
  to   space 1024K, 0% used [0x00000000d6500000,0x00000000d6500000,0x00000000d6600000)
 ParOldGen       total 68608K, used 50436K [0x0000000080000000, 0x0000000084300000, 0x00000000d5580000)
  object space 68608K, 73% used [0x0000000080000000,0x0000000083141118,0x0000000084300000)
 Metaspace       used 72159K, committed 73536K, reserved 1114112K
  class space    used 8939K, committed 9536K, reserved 1048576K
}
Event: 1656.744 GC heap before
{Heap before GC invocations=123 (full 3):
 PSYoungGen      total 14848K, used 14288K [0x00000000d5580000, 0x00000000d6600000, 0x0000000100000000)
  eden space 13312K, 100% used [0x00000000d5580000,0x00000000d6280000,0x00000000d6280000)
  from space 1536K, 63% used [0x00000000d6300000,0x00000000d63f4010,0x00000000d6480000)
  to   space 1024K, 0% used [0x00000000d6500000,0x00000000d6500000,0x00000000d6600000)
 ParOldGen       total 68608K, used 50436K [0x0000000080000000, 0x0000000084300000, 0x00000000d5580000)
  object space 68608K, 73% used [0x0000000080000000,0x0000000083141118,0x0000000084300000)
 Metaspace       used 72984K, committed 74432K, reserved 1114112K
  class space    used 9019K, committed 9664K, reserved 1048576K
}
Event: 1656.768 GC heap after
{Heap after GC invocations=123 (full 3):
 PSYoungGen      total 13824K, used 1020K [0x00000000d5580000, 0x00000000d6880000, 0x0000000100000000)
  eden space 12800K, 0% used [0x00000000d5580000,0x00000000d5580000,0x00000000d6200000)
  from space 1024K, 99% used [0x00000000d6500000,0x00000000d65ff288,0x00000000d6600000)
  to   space 3072K, 0% used [0x00000000d6200000,0x00000000d6200000,0x00000000d6500000)
 ParOldGen       total 68608K, used 51826K [0x0000000080000000, 0x0000000084300000, 0x00000000d5580000)
  object space 68608K, 75% used [0x0000000080000000,0x000000008329caa8,0x0000000084300000)
 Metaspace       used 72984K, committed 74432K, reserved 1114112K
  class space    used 9019K, committed 9664K, reserved 1048576K
}
Event: 1657.791 GC heap before
{Heap before GC invocations=124 (full 3):
 PSYoungGen      total 13824K, used 13820K [0x00000000d5580000, 0x00000000d6880000, 0x0000000100000000)
  eden space 12800K, 100% used [0x00000000d5580000,0x00000000d6200000,0x00000000d6200000)
  from space 1024K, 99% used [0x00000000d6500000,0x00000000d65ff288,0x00000000d6600000)
  to   space 3072K, 0% used [0x00000000d6200000,0x00000000d6200000,0x00000000d6500000)
 ParOldGen       total 68608K, used 51826K [0x0000000080000000, 0x0000000084300000, 0x00000000d5580000)
  object space 68608K, 75% used [0x0000000080000000,0x000000008329caa8,0x0000000084300000)
 Metaspace       used 73204K, committed 74624K, reserved 1114112K
  class space    used 9031K, committed 9664K, reserved 1048576K
}
Event: 1657.833 GC heap after
{Heap after GC invocations=124 (full 3):
 PSYoungGen      total 14848K, used 1953K [0x00000000d5580000, 0x00000000d6700000, 0x0000000100000000)
  eden space 12800K, 0% used [0x00000000d5580000,0x00000000d5580000,0x00000000d6200000)
  from space 2048K, 95% used [0x00000000d6200000,0x00000000d63e87b8,0x00000000d6400000)
  to   space 2560K, 0% used [0x00000000d6480000,0x00000000d6480000,0x00000000d6700000)
 ParOldGen       total 68608K, used 52779K [0x0000000080000000, 0x0000000084300000, 0x00000000d5580000)
  object space 68608K, 76% used [0x0000000080000000,0x000000008338aef8,0x0000000084300000)
 Metaspace       used 73204K, committed 74624K, reserved 1114112K
  class space    used 9031K, committed 9664K, reserved 1048576K
}
Event: 1660.321 GC heap before
{Heap before GC invocations=125 (full 3):
 PSYoungGen      total 14848K, used 14753K [0x00000000d5580000, 0x00000000d6700000, 0x0000000100000000)
  eden space 12800K, 100% used [0x00000000d5580000,0x00000000d6200000,0x00000000d6200000)
  from space 2048K, 95% used [0x00000000d6200000,0x00000000d63e87b8,0x00000000d6400000)
  to   space 2560K, 0% used [0x00000000d6480000,0x00000000d6480000,0x00000000d6700000)
 ParOldGen       total 68608K, used 52779K [0x0000000080000000, 0x0000000084300000, 0x00000000d5580000)
  object space 68608K, 76% used [0x0000000080000000,0x000000008338aef8,0x0000000084300000)
 Metaspace       used 73263K, committed 74752K, reserved 1114112K
  class space    used 9034K, committed 9664K, reserved 1048576K
}
Event: 1660.338 GC heap after
{Heap after GC invocations=125 (full 3):
 PSYoungGen      total 14336K, used 1351K [0x00000000d5580000, 0x00000000d6600000, 0x0000000100000000)
  eden space 12800K, 0% used [0x00000000d5580000,0x00000000d5580000,0x00000000d6200000)
  from space 1536K, 87% used [0x00000000d6480000,0x00000000d65d1da8,0x00000000d6600000)
  to   space 2048K, 0% used [0x00000000d6200000,0x00000000d6200000,0x00000000d6400000)
 ParOldGen       total 68608K, used 54633K [0x0000000080000000, 0x0000000084300000, 0x00000000d5580000)
  object space 68608K, 79% used [0x0000000080000000,0x000000008355a5f0,0x0000000084300000)
 Metaspace       used 73263K, committed 74752K, reserved 1114112K
  class space    used 9034K, committed 9664K, reserved 1048576K
}
Event: 1661.565 GC heap before
{Heap before GC invocations=126 (full 3):
 PSYoungGen      total 14336K, used 14151K [0x00000000d5580000, 0x00000000d6600000, 0x0000000100000000)
  eden space 12800K, 100% used [0x00000000d5580000,0x00000000d6200000,0x00000000d6200000)
  from space 1536K, 87% used [0x00000000d6480000,0x00000000d65d1da8,0x00000000d6600000)
  to   space 2048K, 0% used [0x00000000d6200000,0x00000000d6200000,0x00000000d6400000)
 ParOldGen       total 68608K, used 54633K [0x0000000080000000, 0x0000000084300000, 0x00000000d5580000)
  object space 68608K, 79% used [0x0000000080000000,0x000000008355a5f0,0x0000000084300000)
 Metaspace       used 73263K, committed 74752K, reserved 1114112K
  class space    used 9034K, committed 9664K, reserved 1048576K
}
Event: 1661.576 GC heap after
{Heap after GC invocations=126 (full 3):
 PSYoungGen      total 14848K, used 160K [0x00000000d5580000, 0x00000000d6500000, 0x0000000100000000)
  eden space 12800K, 0% used [0x00000000d5580000,0x00000000d5580000,0x00000000d6200000)
  from space 2048K, 7% used [0x00000000d6200000,0x00000000d6228000,0x00000000d6400000)
  to   space 1024K, 0% used [0x00000000d6400000,0x00000000d6400000,0x00000000d6500000)
 ParOldGen       total 68608K, used 55945K [0x0000000080000000, 0x0000000084300000, 0x00000000d5580000)
  object space 68608K, 81% used [0x0000000080000000,0x00000000836a2418,0x0000000084300000)
 Metaspace       used 73263K, committed 74752K, reserved 1114112K
  class space    used 9034K, committed 9664K, reserved 1048576K
}
Event: 1662.372 GC heap before
{Heap before GC invocations=127 (full 3):
 PSYoungGen      total 14848K, used 12960K [0x00000000d5580000, 0x00000000d6500000, 0x0000000100000000)
  eden space 12800K, 100% used [0x00000000d5580000,0x00000000d6200000,0x00000000d6200000)
  from space 2048K, 7% used [0x00000000d6200000,0x00000000d6228000,0x00000000d6400000)
  to   space 1024K, 0% used [0x00000000d6400000,0x00000000d6400000,0x00000000d6500000)
 ParOldGen       total 68608K, used 56134K [0x0000000080000000, 0x0000000084300000, 0x00000000d5580000)
  object space 68608K, 81% used [0x0000000080000000,0x00000000836d1bc0,0x0000000084300000)
 Metaspace       used 73263K, committed 74752K, reserved 1114112K
  class space    used 9034K, committed 9664K, reserved 1048576K
}
Event: 1662.386 GC heap after
{Heap after GC invocations=127 (full 3):
 PSYoungGen      total 13312K, used 376K [0x00000000d5580000, 0x00000000d6480000, 0x0000000100000000)
  eden space 12800K, 0% used [0x00000000d5580000,0x00000000d5580000,0x00000000d6200000)
  from space 512K, 73% used [0x00000000d6400000,0x00000000d645e3f8,0x00000000d6480000)
  to   space 512K, 0% used [0x00000000d6380000,0x00000000d6380000,0x00000000d6400000)
 ParOldGen       total 68608K, used 56194K [0x0000000080000000, 0x0000000084300000, 0x00000000d5580000)
  object space 68608K, 81% used [0x0000000080000000,0x00000000836e0850,0x0000000084300000)
 Metaspace       used 73263K, committed 74752K, reserved 1114112K
  class space    used 9034K, committed 9664K, reserved 1048576K
}

Dll operation events (15 events):
Event: 0.620 Loaded shared library c:\Users\pd589\.antigravity\extensions\redhat.java-1.53.0-win32-x64\jre\21.0.10-win32-x86_64\bin\java.dll
Event: 1.198 Loaded shared library c:\Users\pd589\.antigravity\extensions\redhat.java-1.53.0-win32-x64\jre\21.0.10-win32-x86_64\bin\zip.dll
Event: 1.358 Loaded shared library C:\Users\pd589\.antigravity\extensions\redhat.java-1.53.0-win32-x64\jre\21.0.10-win32-x86_64\bin\instrument.dll
Event: 1.658 Loaded shared library C:\Users\pd589\.antigravity\extensions\redhat.java-1.53.0-win32-x64\jre\21.0.10-win32-x86_64\bin\net.dll
Event: 1.822 Loaded shared library C:\Users\pd589\.antigravity\extensions\redhat.java-1.53.0-win32-x64\jre\21.0.10-win32-x86_64\bin\nio.dll
Event: 1.833 Loaded shared library C:\Users\pd589\.antigravity\extensions\redhat.java-1.53.0-win32-x64\jre\21.0.10-win32-x86_64\bin\zip.dll
Event: 1.944 Loaded shared library C:\Users\pd589\.antigravity\extensions\redhat.java-1.53.0-win32-x64\jre\21.0.10-win32-x86_64\bin\jimage.dll
Event: 2.431 Loaded shared library c:\Users\pd589\.antigravity\extensions\redhat.java-1.53.0-win32-x64\jre\21.0.10-win32-x86_64\bin\verify.dll
Event: 31.877 Loaded shared library C:\Users\pd589\AppData\Roaming\Antigravity\User\globalStorage\redhat.java\1.53.0\config_win\org.eclipse.equinox.launcher\org.eclipse.equinox.launcher.win32.win32.x86_64_1.3.0.v20260203-2149\eclipse_11919.dll
Event: 64.642 Loaded shared library C:\Users\pd589\.antigravity\extensions\redhat.java-1.53.0-win32-x64\jre\21.0.10-win32-x86_64\bin\management.dll
Event: 64.670 Loaded shared library C:\Users\pd589\.antigravity\extensions\redhat.java-1.53.0-win32-x64\jre\21.0.10-win32-x86_64\bin\management_ext.dll
Event: 74.180 Loaded shared library C:\Users\pd589\AppData\Local\Temp\jna-106466178\jna15010318442529516070.dll
Event: 75.288 Loaded shared library C:\Users\pd589\.antigravity\extensions\redhat.java-1.53.0-win32-x64\jre\21.0.10-win32-x86_64\bin\sunmscapi.dll
Event: 82.331 Loaded shared library C:\Users\pd589\.antigravity\extensions\redhat.java-1.53.0-win32-x64\jre\21.0.10-win32-x86_64\bin\extnet.dll
Event: 803.861 Loaded shared library C:\Users\pd589\.gradle\native\c067742578af261105cb4f569cf0c3c89f3d7b1fecec35dd04571415982c5e48\windows-amd64\native-platform.dll

Deoptimization events (20 events):
Event: 1657.284 Thread 0x000001b3e24f0bd0 DEOPT PACKING pc=0x000001b3c9cbd4ca sp=0x0000006a698fe940
Event: 1657.284 Thread 0x000001b3e24f0bd0 DEOPT UNPACKING pc=0x000001b3cfea4223 sp=0x0000006a698fdd98 mode 0
Event: 1657.421 Thread 0x000001b3e24f0bd0 DEOPT PACKING pc=0x000001b3c9cdf882 sp=0x0000006a698fe940
Event: 1657.422 Thread 0x000001b3e24f0bd0 DEOPT UNPACKING pc=0x000001b3cfea4223 sp=0x0000006a698fdd90 mode 0
Event: 1657.773 Thread 0x000001b3e24f0bd0 DEOPT PACKING pc=0x000001b3c9d3c7cc sp=0x0000006a698fe860
Event: 1657.773 Thread 0x000001b3e24f0bd0 DEOPT UNPACKING pc=0x000001b3cfea4223 sp=0x0000006a698fdde0 mode 0
Event: 1657.852 Thread 0x000001b3e24f0bd0 DEOPT PACKING pc=0x000001b3c9cc3e91 sp=0x0000006a698fe630
Event: 1657.852 Thread 0x000001b3e24f0bd0 DEOPT UNPACKING pc=0x000001b3cfea4223 sp=0x0000006a698fda28 mode 0
Event: 1660.457 Thread 0x000001b3e24f0bd0 DEOPT PACKING pc=0x000001b3c9ce8003 sp=0x0000006a698fe6a0
Event: 1660.457 Thread 0x000001b3e24f0bd0 DEOPT UNPACKING pc=0x000001b3cfea4223 sp=0x0000006a698fdc08 mode 0
Event: 1661.807 Thread 0x000001b3e24f0bd0 Uncommon trap: trap_request=0xffffff45 fr.pc=0x000001b3d0b0d04c relative=0x000000000000022c
Event: 1661.807 Thread 0x000001b3e24f0bd0 Uncommon trap: reason=unstable_if action=reinterpret pc=0x000001b3d0b0d04c method=org.eclipse.jdt.internal.core.search.indexing.BinaryIndexer.replace(CC[C)[C @ 1 c2
Event: 1661.807 Thread 0x000001b3e24f0bd0 DEOPT PACKING pc=0x000001b3d0b0d04c sp=0x0000006a698fe7c0
Event: 1661.807 Thread 0x000001b3e24f0bd0 DEOPT UNPACKING pc=0x000001b3cfea3a9c sp=0x0000006a698fe760 mode 2
Event: 1662.110 Thread 0x000001b3e24f0bd0 Uncommon trap: trap_request=0xffffff45 fr.pc=0x000001b3d0b39404 relative=0x0000000000000504
Event: 1662.110 Thread 0x000001b3e24f0bd0 Uncommon trap: reason=unstable_if action=reinterpret pc=0x000001b3d0b39404 method=org.eclipse.jdt.internal.core.search.indexing.BinaryIndexer.addTypeReference([C)V @ 23 c2
Event: 1662.110 Thread 0x000001b3e24f0bd0 DEOPT PACKING pc=0x000001b3d0b39404 sp=0x0000006a698fe620
Event: 1662.110 Thread 0x000001b3e24f0bd0 DEOPT UNPACKING pc=0x000001b3cfea3a9c sp=0x0000006a698fe5f8 mode 2
Event: 1662.113 Thread 0x000001b3e24f0bd0 DEOPT PACKING pc=0x000001b3c9ce8083 sp=0x0000006a698fe6a0
Event: 1662.113 Thread 0x000001b3e24f0bd0 DEOPT UNPACKING pc=0x000001b3cfea4223 sp=0x0000006a698fdc08 mode 0

Classes loaded (20 events):
Event: 1648.798 Loading class sun/nio/ch/FileChannelImpl$Unmapper done
Event: 1648.799 Loading class sun/nio/ch/FileChannelImpl$DefaultUnmapper done
Event: 1648.799 Loading class sun/nio/ch/Util$4
Event: 1648.807 Loading class sun/nio/ch/Util$4 done
Event: 1648.961 Loading class java/nio/file/ClosedDirectoryStreamException
Event: 1648.962 Loading class java/nio/file/ClosedDirectoryStreamException done
Event: 1648.963 Loading class jdk/internal/jrtfs/JrtFileSystem
Event: 1648.969 Loading class jdk/internal/jrtfs/JrtFileSystem done
Event: 1648.969 Loading class jdk/internal/jrtfs/JrtPath
Event: 1648.971 Loading class jdk/internal/jrtfs/JrtPath done
Event: 1648.971 Loading class jdk/internal/jimage/ImageReader$Node
Event: 1648.971 Loading class jdk/internal/jimage/ImageReader$Node done
Event: 1649.055 Loading class java/nio/ByteBufferAsIntBufferL
Event: 1649.056 Loading class java/nio/ByteBufferAsIntBufferL done
Event: 1649.069 Loading class jdk/internal/jimage/ImageReader$Directory
Event: 1649.071 Loading class jdk/internal/jimage/ImageReader$Directory done
Event: 1651.756 Loading class java/nio/channels/Channels$ReadableByteChannelImpl
Event: 1651.757 Loading class java/nio/channels/Channels$ReadableByteChannelImpl done
Event: 1651.758 Loading class java/nio/channels/NonWritableChannelException
Event: 1651.758 Loading class java/nio/channels/NonWritableChannelException done

Classes unloaded (11 events):
Event: 68.725 Thread 0x000001b3c57db8e0 Unloading class 0x000001b3811b5000 'java/lang/invoke/LambdaForm$MH+0x000001b3811b5000'
Event: 68.725 Thread 0x000001b3c57db8e0 Unloading class 0x000001b3811b4c00 'java/lang/invoke/LambdaForm$MH+0x000001b3811b4c00'
Event: 68.725 Thread 0x000001b3c57db8e0 Unloading class 0x000001b3811b4800 'java/lang/invoke/LambdaForm$MH+0x000001b3811b4800'
Event: 68.725 Thread 0x000001b3c57db8e0 Unloading class 0x000001b3811b4400 'java/lang/invoke/LambdaForm$MH+0x000001b3811b4400'
Event: 68.725 Thread 0x000001b3c57db8e0 Unloading class 0x000001b3811b4000 'java/lang/invoke/LambdaForm$BMH+0x000001b3811b4000'
Event: 68.725 Thread 0x000001b3c57db8e0 Unloading class 0x000001b3811b3c00 'java/lang/invoke/LambdaForm$DMH+0x000001b3811b3c00'
Event: 68.725 Thread 0x000001b3c57db8e0 Unloading class 0x000001b3811b2800 'java/lang/invoke/LambdaForm$DMH+0x000001b3811b2800'
Event: 74.867 Thread 0x000001b3c57db8e0 Unloading class 0x000001b3812cb400 'java/lang/invoke/LambdaForm$MH+0x000001b3812cb400'
Event: 74.867 Thread 0x000001b3c57db8e0 Unloading class 0x000001b3812c6400 'java/lang/invoke/LambdaForm$MH+0x000001b3812c6400'
Event: 74.867 Thread 0x000001b3c57db8e0 Unloading class 0x000001b3812c5c00 'java/lang/invoke/LambdaForm$MH+0x000001b3812c5c00'
Event: 74.867 Thread 0x000001b3c57db8e0 Unloading class 0x000001b3812c4400 'java/lang/invoke/LambdaForm$MH+0x000001b3812c4400'

Classes redefined (0 events):
No events

Internal exceptions (20 events):
Event: 1647.303 Thread 0x000001b3e24f0540 Exception <a 'java/lang/ClassNotFoundException'{0x00000000d563b6f8}: com/sun/org/apache/xerces/internal/impl/msg/spi/XMLSerializerMessagesProvider> (0x00000000d563b6f8) 
thrown [s\src\hotspot\share\classfile\systemDictionary.cpp, line 312]
Event: 1647.306 Thread 0x000001b3e24f0540 Exception <a 'java/lang/ClassNotFoundException'{0x00000000d5649af0}: com/sun/org/apache/xerces/internal/impl/msg/spi/XMLMessagesProvider> (0x00000000d5649af0) 
thrown [s\src\hotspot\share\classfile\systemDictionary.cpp, line 312]
Event: 1647.474 Thread 0x000001b3e24f0540 Exception <a 'sun/nio/fs/WindowsException'{0x00000000d5732d30}> (0x00000000d5732d30) 
thrown [s\src\hotspot\share\prims\jni.cpp, line 520]
Event: 1647.475 Thread 0x000001b3e24f0540 Exception <a 'sun/nio/fs/WindowsException'{0x00000000d5733b30}> (0x00000000d5733b30) 
thrown [s\src\hotspot\share\prims\jni.cpp, line 520]
Event: 1647.549 Thread 0x000001b3e24f0540 Exception <a 'sun/nio/fs/WindowsException'{0x00000000d57760f0}> (0x00000000d57760f0) 
thrown [s\src\hotspot\share\prims\jni.cpp, line 520]
Event: 1647.550 Thread 0x000001b3e24f0540 Exception <a 'sun/nio/fs/WindowsException'{0x00000000d5776ef0}> (0x00000000d5776ef0) 
thrown [s\src\hotspot\share\prims\jni.cpp, line 520]
Event: 1648.044 Thread 0x000001b3e24f18f0 Exception <a 'sun/nio/fs/WindowsException'{0x00000000d5862110}> (0x00000000d5862110) 
thrown [s\src\hotspot\share\prims\jni.cpp, line 520]
Event: 1648.045 Thread 0x000001b3e24f18f0 Exception <a 'sun/nio/fs/WindowsException'{0x00000000d58631e8}> (0x00000000d58631e8) 
thrown [s\src\hotspot\share\prims\jni.cpp, line 520]
Event: 1648.098 Thread 0x000001b3e24f18f0 Exception <a 'sun/nio/fs/WindowsException'{0x00000000d58a89f8}> (0x00000000d58a89f8) 
thrown [s\src\hotspot\share\prims\jni.cpp, line 520]
Event: 1648.120 Thread 0x000001b3e24f18f0 Exception <a 'sun/nio/fs/WindowsException'{0x00000000d58ae888}> (0x00000000d58ae888) 
thrown [s\src\hotspot\share\prims\jni.cpp, line 520]
Event: 1648.139 Thread 0x000001b3e24f18f0 Exception <a 'java/io/FileNotFoundException'{0x00000000d58c47f8}> (0x00000000d58c47f8) 
thrown [s\src\hotspot\share\prims\jni.cpp, line 520]
Event: 1648.178 Thread 0x000001b3e24f0540 Exception <a 'sun/nio/fs/WindowsException'{0x00000000d5830660}> (0x00000000d5830660) 
thrown [s\src\hotspot\share\prims\jni.cpp, line 520]
Event: 1648.178 Thread 0x000001b3e24f0540 Exception <a 'sun/nio/fs/WindowsException'{0x00000000d5831460}> (0x00000000d5831460) 
thrown [s\src\hotspot\share\prims\jni.cpp, line 520]
Event: 1648.226 Thread 0x000001b3e24f0540 Exception <a 'sun/nio/fs/WindowsException'{0x00000000d5845f48}> (0x00000000d5845f48) 
thrown [s\src\hotspot\share\prims\jni.cpp, line 520]
Event: 1648.810 Thread 0x000001b3e24f0bd0 Implicit null exception at 0x000001b3d0430c77 to 0x000001b3d0430ee8
Event: 1648.816 Thread 0x000001b3e24f0bd0 Exception <a 'java/lang/NoSuchMethodError'{0x00000000d5d7b0a0}: 'java.lang.Object java.lang.invoke.DelegatingMethodHandle$Holder.reinvoke_L(java.lang.Object, int, long, java.lang.Object, java.lang.Object, int, java.lang.Object)'> (0x00000000d5d7b0a0) 
thrown [s\src\hotspot\share\interpreter\linkResolver.cpp, line 773]
Event: 1648.885 Thread 0x000001b3e1eb9660 Implicit null exception at 0x000001b3d0a89642 to 0x000001b3d0a8cfd4
Event: 1650.679 Thread 0x000001b3e1eb4110 Exception <a 'sun/nio/fs/WindowsException'{0x00000000d610f448}> (0x00000000d610f448) 
thrown [s\src\hotspot\share\prims\jni.cpp, line 520]
Event: 1650.683 Thread 0x000001b3e1eb4110 Exception <a 'sun/nio/fs/WindowsException'{0x00000000d610ffb8}> (0x00000000d610ffb8) 
thrown [s\src\hotspot\share\prims\jni.cpp, line 520]
Event: 1661.807 Thread 0x000001b3e24f0bd0 Implicit null exception at 0x000001b3d0b0ce69 to 0x000001b3d0b0d03c

ZGC Phase Switch (0 events):
No events

VM Operations (20 events):
Event: 1656.744 Executing safepoint VM operation: ParallelGCFailedAllocation (Allocation Failure)
Event: 1656.768 Executing safepoint VM operation: ParallelGCFailedAllocation (Allocation Failure) done
Event: 1657.773 Executing non-safepoint VM operation: HandshakeAllThreads (Deoptimize)
Event: 1657.773 Executing non-safepoint VM operation: HandshakeAllThreads (Deoptimize) done
Event: 1657.773 Executing safepoint VM operation: Cleanup
Event: 1657.773 Executing safepoint VM operation: Cleanup done
Event: 1657.791 Executing safepoint VM operation: ParallelGCFailedAllocation (Allocation Failure)
Event: 1657.833 Executing safepoint VM operation: ParallelGCFailedAllocation (Allocation Failure) done
Event: 1658.836 Executing safepoint VM operation: Cleanup
Event: 1658.908 Executing safepoint VM operation: Cleanup done
Event: 1660.244 Executing safepoint VM operation: ParallelGCFailedAllocation (Allocation Failure)
Event: 1660.338 Executing safepoint VM operation: ParallelGCFailedAllocation (Allocation Failure) done
Event: 1661.558 Executing safepoint VM operation: ParallelGCFailedAllocation (Allocation Failure)
Event: 1661.576 Executing safepoint VM operation: ParallelGCFailedAllocation (Allocation Failure) done
Event: 1662.285 Executing safepoint VM operation: ParallelGCFailedAllocation (Allocation Failure)
Event: 1662.286 Executing safepoint VM operation: ParallelGCFailedAllocation (Allocation Failure) done
Event: 1662.371 Executing safepoint VM operation: ParallelGCSystemGC (GCLocker Initiated GC)
Event: 1662.387 Executing safepoint VM operation: ParallelGCSystemGC (GCLocker Initiated GC) done
Event: 1663.387 Executing safepoint VM operation: Cleanup
Event: 1665.129 Executing safepoint VM operation: Cleanup done

Memory protections (0 events):
No events

Nmethod flushes (20 events):
Event: 834.517 Thread 0x000001b3c57db8e0 flushing  nmethod 0x000001b3c93cb510
Event: 834.517 Thread 0x000001b3c57db8e0 flushing  nmethod 0x000001b3c93e8d10
Event: 834.517 Thread 0x000001b3c57db8e0 flushing  nmethod 0x000001b3c93edb90
Event: 834.517 Thread 0x000001b3c57db8e0 flushing  nmethod 0x000001b3c93eee90
Event: 834.517 Thread 0x000001b3c57db8e0 flushing  nmethod 0x000001b3c93efe10
Event: 834.517 Thread 0x000001b3c57db8e0 flushing  nmethod 0x000001b3c93f0510
Event: 834.517 Thread 0x000001b3c57db8e0 flushing  nmethod 0x000001b3c93f0b10
Event: 834.517 Thread 0x000001b3c57db8e0 flushing  nmethod 0x000001b3c93f4c90
Event: 834.517 Thread 0x000001b3c57db8e0 flushing  nmethod 0x000001b3c93f5010
Event: 834.517 Thread 0x000001b3c57db8e0 flushing  nmethod 0x000001b3c93f8110
Event: 834.517 Thread 0x000001b3c57db8e0 flushing  nmethod 0x000001b3c93fb490
Event: 834.517 Thread 0x000001b3c57db8e0 flushing  nmethod 0x000001b3c9441f10
Event: 834.517 Thread 0x000001b3c57db8e0 flushing  nmethod 0x000001b3c9442310
Event: 834.517 Thread 0x000001b3c57db8e0 flushing  nmethod 0x000001b3c9443890
Event: 834.517 Thread 0x000001b3c57db8e0 flushing  nmethod 0x000001b3c9448510
Event: 834.517 Thread 0x000001b3c57db8e0 flushing  nmethod 0x000001b3c9453190
Event: 834.517 Thread 0x000001b3c57db8e0 flushing  nmethod 0x000001b3c946ca10
Event: 834.517 Thread 0x000001b3c57db8e0 flushing  nmethod 0x000001b3c947d110
Event: 834.517 Thread 0x000001b3c57db8e0 flushing  nmethod 0x000001b3c9480910
Event: 834.517 Thread 0x000001b3c57db8e0 flushing  nmethod 0x000001b3c949bc90

Events (20 events):
Event: 1048.812 Thread 0x000001b3e1febc30 Thread exited: 0x000001b3e1febc30
Event: 1643.734 Thread 0x000001b3e1eb3a80 Thread added: 0x000001b3e1eb54c0
Event: 1643.965 Thread 0x000001b3e1eb4110 Thread exited: 0x000001b3e1eb4110
Event: 1644.035 Thread 0x000001b3e1eb54c0 Thread exited: 0x000001b3e1eb54c0
Event: 1644.271 Thread 0x000001b3e1eb3a80 Thread exited: 0x000001b3e1eb3a80
Event: 1644.860 Thread 0x000001b3e24f0540 Thread added: 0x000001b3e1eb3a80
Event: 1644.881 Thread 0x000001b3e24f0540 Thread added: 0x000001b3e1eb54c0
Event: 1645.357 Thread 0x000001b3e1eb54c0 Thread exited: 0x000001b3e1eb54c0
Event: 1645.389 Thread 0x000001b3e24f0540 Thread added: 0x000001b3e1eb54c0
Event: 1645.391 Thread 0x000001b3e24f0540 Thread added: 0x000001b3e1eb4e30
Event: 1645.522 Thread 0x000001b3e24f0540 Thread added: 0x000001b3e1eb4110
Event: 1645.667 Thread 0x000001b3e1eb4e30 Thread exited: 0x000001b3e1eb4e30
Event: 1645.668 Thread 0x000001b3e1eb4110 Thread exited: 0x000001b3e1eb4110
Event: 1648.131 Thread 0x000001b3e24f18f0 Thread added: 0x000001b3e1eb4110
Event: 1648.143 Thread 0x000001b3e1eb4110 Thread added: 0x000001b3e1eb82b0
Event: 1648.522 Thread 0x000001b3e24f0540 Thread added: 0x000001b3e1eb8fd0
Event: 1648.527 Thread 0x000001b3e24f0540 Thread added: 0x000001b3e1eb9660
Event: 1648.702 Thread 0x000001b3e1eb9660 Thread added: 0x000001b3e1eb8940
Event: 1650.271 Thread 0x000001b3c5623e10 Thread added: 0x000001b3e1fec300
Event: 1650.629 Thread 0x000001b3e1fec300 Thread exited: 0x000001b3e1fec300


Dynamic libraries:
0x00007ff799c90000 - 0x00007ff799c9e000 	c:\Users\pd589\.antigravity\extensions\redhat.java-1.53.0-win32-x64\jre\21.0.10-win32-x86_64\bin\java.exe
0x00007ffdfa220000 - 0x00007ffdfa487000 	C:\WINDOWS\SYSTEM32\ntdll.dll
0x00007ffdf8170000 - 0x00007ffdf8239000 	C:\WINDOWS\System32\KERNEL32.DLL
0x00007ffdf7420000 - 0x00007ffdf780f000 	C:\WINDOWS\System32\KERNELBASE.dll
0x00007ffdf7820000 - 0x00007ffdf796b000 	C:\WINDOWS\System32\ucrtbase.dll
0x00007ffdf4380000 - 0x00007ffdf4398000 	c:\Users\pd589\.antigravity\extensions\redhat.java-1.53.0-win32-x64\jre\21.0.10-win32-x86_64\bin\jli.dll
0x00007ffdf8530000 - 0x00007ffdf86f5000 	C:\WINDOWS\System32\USER32.dll
0x00007ffdf7f90000 - 0x00007ffdf7fb7000 	C:\WINDOWS\System32\win32u.dll
0x00007ffdf8b20000 - 0x00007ffdf8b4b000 	C:\WINDOWS\System32\GDI32.dll
0x00007ffdf7970000 - 0x00007ffdf7a9c000 	C:\WINDOWS\System32\gdi32full.dll
0x00007ffdf7370000 - 0x00007ffdf7413000 	C:\WINDOWS\System32\msvcp_win.dll
0x00007ffdf43a0000 - 0x00007ffdf43be000 	c:\Users\pd589\.antigravity\extensions\redhat.java-1.53.0-win32-x64\jre\21.0.10-win32-x86_64\bin\VCRUNTIME140.dll
0x00007ffde8c70000 - 0x00007ffde8f03000 	C:\WINDOWS\WinSxS\amd64_microsoft.windows.common-controls_6595b64144ccf1df_6.0.26100.7309_none_3e05feeae336a044\COMCTL32.dll
0x00007ffdfa130000 - 0x00007ffdfa1d9000 	C:\WINDOWS\System32\msvcrt.dll
0x00007ffdf84f0000 - 0x00007ffdf8521000 	C:\WINDOWS\System32\IMM32.DLL
0x00007ffdf2370000 - 0x00007ffdf237c000 	c:\Users\pd589\.antigravity\extensions\redhat.java-1.53.0-win32-x64\jre\21.0.10-win32-x86_64\bin\vcruntime140_1.dll
0x00007ffde7490000 - 0x00007ffde751d000 	c:\Users\pd589\.antigravity\extensions\redhat.java-1.53.0-win32-x64\jre\21.0.10-win32-x86_64\bin\msvcp140.dll
0x00007ffd963e0000 - 0x00007ffd97181000 	c:\Users\pd589\.antigravity\extensions\redhat.java-1.53.0-win32-x64\jre\21.0.10-win32-x86_64\bin\server\jvm.dll
0x00007ffdf91c0000 - 0x00007ffdf9274000 	C:\WINDOWS\System32\ADVAPI32.dll
0x00007ffdf80c0000 - 0x00007ffdf8166000 	C:\WINDOWS\System32\sechost.dll
0x00007ffdf8980000 - 0x00007ffdf8a98000 	C:\WINDOWS\System32\RPCRT4.dll
0x00007ffdf8700000 - 0x00007ffdf8774000 	C:\WINDOWS\System32\WS2_32.dll
0x00007ffdf71f0000 - 0x00007ffdf724e000 	C:\WINDOWS\SYSTEM32\POWRPROF.dll
0x00007ffde7f40000 - 0x00007ffde7f75000 	C:\WINDOWS\SYSTEM32\WINMM.dll
0x00007ffdec1a0000 - 0x00007ffdec1ab000 	C:\WINDOWS\SYSTEM32\VERSION.dll
0x00007ffdf71d0000 - 0x00007ffdf71e4000 	C:\WINDOWS\SYSTEM32\UMPDC.dll
0x00007ffdf6120000 - 0x00007ffdf613b000 	C:\WINDOWS\SYSTEM32\kernel.appcore.dll
0x00007ffdf2280000 - 0x00007ffdf228a000 	c:\Users\pd589\.antigravity\extensions\redhat.java-1.53.0-win32-x64\jre\21.0.10-win32-x86_64\bin\jimage.dll
0x00007ffde63e0000 - 0x00007ffde6622000 	C:\WINDOWS\SYSTEM32\DBGHELP.DLL
0x00007ffdf8b60000 - 0x00007ffdf8ee5000 	C:\WINDOWS\System32\combase.dll
0x00007ffdf88a0000 - 0x00007ffdf8976000 	C:\WINDOWS\System32\OLEAUT32.dll
0x00007ffde1600000 - 0x00007ffde163c000 	C:\WINDOWS\SYSTEM32\dbgcore.DLL
0x00007ffdf7d60000 - 0x00007ffdf7e05000 	C:\WINDOWS\System32\bcryptPrimitives.dll
0x00007ffde7ea0000 - 0x00007ffde7eaf000 	c:\Users\pd589\.antigravity\extensions\redhat.java-1.53.0-win32-x64\jre\21.0.10-win32-x86_64\bin\instrument.dll
0x00007ffde7e80000 - 0x00007ffde7ea0000 	c:\Users\pd589\.antigravity\extensions\redhat.java-1.53.0-win32-x64\jre\21.0.10-win32-x86_64\bin\java.dll
0x00007ffdf9290000 - 0x00007ffdf99e3000 	C:\WINDOWS\System32\SHELL32.dll
0x00007ffdf7aa0000 - 0x00007ffdf7c0a000 	C:\WINDOWS\System32\wintypes.dll
0x00007ffdf4fb0000 - 0x00007ffdf580e000 	C:\WINDOWS\SYSTEM32\windows.storage.dll
0x00007ffdf8ef0000 - 0x00007ffdf8fe5000 	C:\WINDOWS\System32\SHCORE.dll
0x00007ffdf7fc0000 - 0x00007ffdf8026000 	C:\WINDOWS\System32\shlwapi.dll
0x00007ffdf7290000 - 0x00007ffdf72b9000 	C:\WINDOWS\SYSTEM32\profapi.dll
0x00007ffde7e60000 - 0x00007ffde7e78000 	c:\Users\pd589\.antigravity\extensions\redhat.java-1.53.0-win32-x64\jre\21.0.10-win32-x86_64\bin\zip.dll
0x00007ffde7e50000 - 0x00007ffde7e60000 	C:\Users\pd589\.antigravity\extensions\redhat.java-1.53.0-win32-x64\jre\21.0.10-win32-x86_64\bin\net.dll
0x00007ffded0d0000 - 0x00007ffded1f8000 	C:\WINDOWS\SYSTEM32\WINHTTP.dll
0x00007ffdf6690000 - 0x00007ffdf66fb000 	C:\WINDOWS\system32\mswsock.dll
0x00007ffde7e30000 - 0x00007ffde7e46000 	C:\Users\pd589\.antigravity\extensions\redhat.java-1.53.0-win32-x64\jre\21.0.10-win32-x86_64\bin\nio.dll
0x00007ffde7da0000 - 0x00007ffde7db0000 	c:\Users\pd589\.antigravity\extensions\redhat.java-1.53.0-win32-x64\jre\21.0.10-win32-x86_64\bin\verify.dll
0x00007ffdd9120000 - 0x00007ffdd9165000 	C:\Users\pd589\AppData\Roaming\Antigravity\User\globalStorage\redhat.java\1.53.0\config_win\org.eclipse.equinox.launcher\org.eclipse.equinox.launcher.win32.win32.x86_64_1.3.0.v20260203-2149\eclipse_11919.dll
0x00007ffdf8240000 - 0x00007ffdf83d7000 	C:\WINDOWS\System32\ole32.dll
0x00007ffde73f0000 - 0x00007ffde73fa000 	C:\Users\pd589\.antigravity\extensions\redhat.java-1.53.0-win32-x64\jre\21.0.10-win32-x86_64\bin\management.dll
0x00007ffddce50000 - 0x00007ffddce5c000 	C:\Users\pd589\.antigravity\extensions\redhat.java-1.53.0-win32-x64\jre\21.0.10-win32-x86_64\bin\management_ext.dll
0x00007ffdf8b50000 - 0x00007ffdf8b58000 	C:\WINDOWS\System32\PSAPI.DLL
0x00007ffdf6950000 - 0x00007ffdf696b000 	C:\WINDOWS\SYSTEM32\CRYPTSP.dll
0x00007ffdf6080000 - 0x00007ffdf60ba000 	C:\WINDOWS\system32\rsaenh.dll
0x00007ffdf6740000 - 0x00007ffdf676b000 	C:\WINDOWS\SYSTEM32\USERENV.dll
0x00007ffdf7260000 - 0x00007ffdf728a000 	C:\WINDOWS\SYSTEM32\bcrypt.dll
0x00007ffdf6970000 - 0x00007ffdf697c000 	C:\WINDOWS\SYSTEM32\CRYPTBASE.dll
0x00007ffdf5b80000 - 0x00007ffdf5bb4000 	C:\WINDOWS\SYSTEM32\IPHLPAPI.DLL
0x00007ffdf9280000 - 0x00007ffdf928a000 	C:\WINDOWS\System32\NSI.dll
0x00007ffdd6680000 - 0x00007ffdd66c9000 	C:\Users\pd589\AppData\Local\Temp\jna-106466178\jna15010318442529516070.dll
0x00007ffdece80000 - 0x00007ffdece9e000 	C:\WINDOWS\SYSTEM32\dhcpcsvc6.DLL
0x00007ffdecbd0000 - 0x00007ffdecbf3000 	C:\WINDOWS\SYSTEM32\dhcpcsvc.DLL
0x00007ffddad40000 - 0x00007ffddad4e000 	C:\Users\pd589\.antigravity\extensions\redhat.java-1.53.0-win32-x64\jre\21.0.10-win32-x86_64\bin\sunmscapi.dll
0x00007ffdf7e10000 - 0x00007ffdf7f87000 	C:\WINDOWS\System32\CRYPT32.dll
0x00007ffdf6b70000 - 0x00007ffdf6ba0000 	C:\WINDOWS\SYSTEM32\ncrypt.dll
0x00007ffdf6b20000 - 0x00007ffdf6b5f000 	C:\WINDOWS\SYSTEM32\NTASN1.dll
0x00007ffdf5c20000 - 0x00007ffdf5d4c000 	C:\WINDOWS\SYSTEM32\DNSAPI.dll
0x00007ffde77a0000 - 0x00007ffde77ab000 	C:\Windows\System32\rasadhlp.dll
0x00007ffdebd80000 - 0x00007ffdebe06000 	C:\WINDOWS\System32\fwpuclnt.dll
0x00007ffddad30000 - 0x00007ffddad39000 	C:\Users\pd589\.antigravity\extensions\redhat.java-1.53.0-win32-x64\jre\21.0.10-win32-x86_64\bin\extnet.dll
0x00007ffde7460000 - 0x00007ffde7487000 	C:\Users\pd589\.gradle\native\c067742578af261105cb4f569cf0c3c89f3d7b1fecec35dd04571415982c5e48\windows-amd64\native-platform.dll
0x00007ffde7450000 - 0x00007ffde7458000 	C:\WINDOWS\system32\wshunix.dll

JVMTI agents:
c:\Users\pd589\.antigravity\extensions\redhat.java-1.53.0-win32-x64\lombok\lombok-1.18.39-4050.jar path:c:\Users\pd589\.antigravity\extensions\redhat.java-1.53.0-win32-x64\jre\21.0.10-win32-x86_64\bin\instrument.dll, loaded, initialized, instrumentlib options:none

dbghelp: loaded successfully - version: 4.0.5 - missing functions: none
symbol engine: initialized successfully - sym options: 0x614 - pdb path: .;c:\Users\pd589\.antigravity\extensions\redhat.java-1.53.0-win32-x64\jre\21.0.10-win32-x86_64\bin;C:\WINDOWS\SYSTEM32;C:\WINDOWS\WinSxS\amd64_microsoft.windows.common-controls_6595b64144ccf1df_6.0.26100.7309_none_3e05feeae336a044;c:\Users\pd589\.antigravity\extensions\redhat.java-1.53.0-win32-x64\jre\21.0.10-win32-x86_64\bin\server;C:\Users\pd589\AppData\Roaming\Antigravity\User\globalStorage\redhat.java\1.53.0\config_win\org.eclipse.equinox.launcher\org.eclipse.equinox.launcher.win32.win32.x86_64_1.3.0.v20260203-2149;C:\Users\pd589\AppData\Local\Temp\jna-106466178;C:\Users\pd589\.gradle\native\c067742578af261105cb4f569cf0c3c89f3d7b1fecec35dd04571415982c5e48\windows-amd64

VM Arguments:
jvm_args: --add-modules=ALL-SYSTEM --add-opens=java.base/java.util=ALL-UNNAMED --add-opens=java.base/java.lang=ALL-UNNAMED --add-opens=java.base/sun.nio.fs=ALL-UNNAMED -Declipse.application=org.eclipse.jdt.ls.core.id1 -Dosgi.bundles.defaultStartLevel=4 -Declipse.product=org.eclipse.jdt.ls.core.product -Djava.import.generatesMetadataFilesAtProjectRoot=false -DDetectVMInstallationsJob.disabled=true -Dfile.encoding=utf8 -XX:+UseParallelGC -XX:GCTimeRatio=4 -XX:AdaptiveSizePolicyWeight=90 -Dsun.zip.disableMemoryMapping=true -Xmx2G -Xms100m -Xlog:disable -javaagent:c:\Users\pd589\.antigravity\extensions\redhat.java-1.53.0-win32-x64\lombok\lombok-1.18.39-4050.jar -XX:+HeapDumpOnOutOfMemoryError -XX:HeapDumpPath=c:\Users\pd589\AppData\Roaming\Antigravity\User\workspaceStorage\a4826d2806f6fb771545b2bc9e33facd\redhat.java -Daether.dependencyCollector.impl=bf 
java_command: c:\Users\pd589\.antigravity\extensions\redhat.java-1.53.0-win32-x64\server\plugins\org.eclipse.equinox.launcher_1.7.100.v20251111-0406.jar -configuration c:\Users\pd589\AppData\Roaming\Antigravity\User\globalStorage\redhat.java\1.53.0\config_win -data c:\Users\pd589\AppData\Roaming\Antigravity\User\workspaceStorage\a4826d2806f6fb771545b2bc9e33facd\redhat.java\jdt_ws --pipe=\\.\pipe\lsp-07495bbd7d763bff2323eabba510e31b-sock
java_class_path (initial): c:\Users\pd589\.antigravity\extensions\redhat.java-1.53.0-win32-x64\server\plugins\org.eclipse.equinox.launcher_1.7.100.v20251111-0406.jar
Launcher Type: SUN_STANDARD

[Global flags]
    uintx AdaptiveSizePolicyWeight                 = 90                                        {product} {command line}
     intx CICompilerCount                          = 3                                         {product} {ergonomic}
    uintx GCTimeRatio                              = 4                                         {product} {command line}
     bool HeapDumpOnOutOfMemoryError               = true                                   {manageable} {command line}
    ccstr HeapDumpPath                             = c:\Users\pd589\AppData\Roaming\Antigravity\User\workspaceStorage\a4826d2806f6fb771545b2bc9e33facd\redhat.java         {manageable} {command line}
   size_t InitialHeapSize                          = 104857600                                 {product} {command line}
   size_t MaxHeapSize                              = 2147483648                                {product} {command line}
   size_t MaxNewSize                               = 715653120                                 {product} {ergonomic}
   size_t MinHeapDeltaBytes                        = 524288                                    {product} {ergonomic}
   size_t MinHeapSize                              = 104857600                                 {product} {command line}
   size_t NewSize                                  = 34603008                                  {product} {ergonomic}
    uintx NonNMethodCodeHeapSize                   = 5832780                                {pd product} {ergonomic}
    uintx NonProfiledCodeHeapSize                  = 122912730                              {pd product} {ergonomic}
   size_t OldSize                                  = 70254592                                  {product} {ergonomic}
    uintx ProfiledCodeHeapSize                     = 122912730                              {pd product} {ergonomic}
    uintx ReservedCodeCacheSize                    = 251658240                              {pd product} {ergonomic}
     bool SegmentedCodeCache                       = true                                      {product} {ergonomic}
   size_t SoftMaxHeapSize                          = 2147483648                             {manageable} {ergonomic}
     bool UseCompressedOops                        = true                           {product lp64_product} {ergonomic}
     bool UseLargePagesIndividualAllocation        = false                                  {pd product} {ergonomic}
     bool UseParallelGC                            = true                                      {product} {command line}

Logging:
Log output configuration:
 #0: stdout all=off uptime,level,tags foldmultilines=false
 #1: stderr all=off uptime,level,tags foldmultilines=false

Release file:
JAVA_VERSION="21.0.10" 
MODULES="java.base java.compiler java.datatransfer java.xml java.prefs java.desktop java.instrument java.logging java.management java.security.sasl java.naming java.rmi java.management.rmi java.net.http java.scripting java.security.jgss java.transaction.xa java.sql java.sql.rowset java.xml.crypto java.se java.smartcardio jdk.accessibility jdk.internal.jvmstat jdk.attach jdk.charsets jdk.internal.opt jdk.zipfs jdk.compiler jdk.crypto.ec jdk.crypto.cryptoki jdk.crypto.mscapi jdk.dynalink jdk.internal.ed jdk.editpad jdk.hotspot.agent jdk.httpserver jdk.internal.le jdk.internal.vm.ci jdk.internal.vm.compiler jdk.internal.vm.compiler.management jdk.jartool jdk.javadoc jdk.jcmd jdk.management jdk.management.agent jdk.jconsole jdk.jdeps jdk.jdwp.agent jdk.jdi jdk.jfr jdk.jshell jdk.jsobject jdk.jstatd jdk.localedata jdk.management.jfr jdk.naming.dns jdk.naming.rmi jdk.net jdk.nio.mapmode jdk.random jdk.sctp jdk.security.auth jdk.security.jgss jdk.unsupported jdk.unsupported.desktop jdk.xml.dom" 

Environment Variables:
JAVA_HOME=C:\Program Files\Eclipse Adoptium\jdk-25.0.2.10-hotspot\
PATH=C:\Program Files\Eclipse Adoptium\jdk-25.0.2.10-hotspot\bin;C:\WINDOWS\system32;C:\WINDOWS;C:\WINDOWS\System32\Wbem;C:\WINDOWS\System32\WindowsPowerShell\v1.0\;C:\WINDOWS\System32\OpenSSH\;C:\Program Files\nodejs\;C:\Users\pd589\AppData\Local\Microsoft\WindowsApps;C:\Users\pd589\AppData\Local\Programs\Antigravity\bin;C:\Users\pd589\AppData\Roaming\npm;C:\Users\pd589\AppData\Local\GitHubDesktop\bin
USERNAME=pd589
OS=Windows_NT
PROCESSOR_IDENTIFIER=Intel64 Family 6 Model 76 Stepping 4, GenuineIntel
TMP=C:\Users\pd589\AppData\Local\Temp
TEMP=C:\Users\pd589\AppData\Local\Temp




Periodic native trim disabled

---------------  S Y S T E M  ---------------

OS:
 Windows 11 , 64 bit Build 26100 (10.0.26100.7309)
OS uptime: 0 days 0:51 hours

CPU: total 4 (initial active 4) (4 cores per cpu, 1 threads per core) family 6 model 76 stepping 4 microcode 0x411, cx8, cmov, fxsr, mmx, 3dnowpref, sse, sse2, sse3, ssse3, sse4.1, sse4.2, popcnt, tsc, tscinvbit, aes, erms, clmul, clflush, rdtscp
Processor Information for the first 4 processors :
  Max Mhz: 1601, Current Mhz: 1601, Mhz Limit: 1601

Memory: 4k page, system-wide physical 4007M (419M free)
TotalPageFile size 8103M (AvailPageFile size 6M)
current process WorkingSet (physical memory assigned to process): 178M, peak: 236M
current process commit charge ("private bytes"): 377M, peak: 385M

vm_info: OpenJDK 64-Bit Server VM (21.0.10+7-LTS) for windows-amd64 JRE (21.0.10+7-LTS), built on 2026-01-20T00:00:00Z by "admin" with MS VC++ 17.12 (VS2022)

END.
